1699280025321 GET /
1699280103336 GET /123
1699280245846 GET /123
1699280249705 GET /123
1699280251918 GET /123
1699280252748 GET /123
1699280365194 GET /123
1699280370472 GET /
1699280585041 GET /api/books
1699280590919 GET /api/books
1699280594745 GET /api/books
1699280598377 GET /api/books
1699280794985 GET /api/books
1699280820721 GET /api/books
1699280827083 GET /api/books
1699280842362 GET /api/books
1699280865969 POST /api/books
1699280867380 POST /api/books
1699280868279 POST /api/books
1699280883840 POST /api/books
1699281200640 GET /
1699281762694 GET /
1699281889968 GET /api/books
1699281986607 GET /api/books
1699281997787 GET /
1699282271037 POST /api/user/login
1699282284178 GET /api/user/login
1699282299179 GET /api/user/login
1699282314987 GET /api/user/login
1699282324403 GET /api/user/login
1699282328508 POST /api/user/login
1699282387326 GET /api/user/login
1699282388314 GET /api/user/login
1699282392724 POST /api/user/login
1699282421350 GET /api/user/login
1699282422508 GET /api/user/login
1699282423354 GET /api/user/login
1699282424900 GET /api/user/login
1699282444896 GET /api/books
1699282477625 GET /api/books1
1699282512543 GET /api/books1
1699282514833 GET /api/books
1699282519242 GET /api/books1
1699282533632 POST /api/user/login
1699282539551 POST /api/user/login1
1699282543510 POST /api/user/login
1699282571528 POST /api/books
1699282575895 GET /api/books
1699282580097 GET /api/books1
1699282792524 POST /api/books
1699282794014 POST /api/books
1699282801522 GET /api/books
1699282923777 GET /api/books/03257dc6-fd14-4c5b-a621-c91db98b6d22
1699283148141 GET /api/books
1699283154931 POST /api/books
1699283156253 POST /api/books
1699283157175 POST /api/books
1699283160590 GET /api/books
1699283170190 GET /api/books/412b6321-d52d-4dc3-ac03-594a49717e67
1699283261061 GET /api/books/412b6321-d52d-4dc3-ac03-594a49717e67
1699283276144 GET /api/books
1699283283402 POST /api/books
1699283284691 POST /api/books
1699283285445 POST /api/books
1699283286207 POST /api/books
1699283289813 GET /api/books
1699283313091 PUT /api/books/2ca93126-ffb3-4ccf-8407-ccaee3802204
1699283464410 GET /api/books
1699283473071 POST /api/books
1699283474075 POST /api/books
1699283474937 POST /api/books
1699283475723 POST /api/books
1699283476551 POST /api/books
1699283479612 GET /api/books
1699283511477 DELETE /api/books/be057349-823a-4b3e-a559-d6d167883fbc
1699283515611 GET /api/books
1699286254328 POST /upload-img
1699286299411 POST /demo/upload-img
1699286320198 POST /demo/upload-img
1699286785666 GET /public/img/demo.png
1699286836992 GET /api/books
1699296517319 GET /api/books
1699296518324 GET /api/books
1699296550579 POST /api/user/login
1699296563709 POST /api/books
1699296599413 POST /api/books
1699296777467 GET /api/books
1699296782762 POST /api/books
1699296849058 POST /api/books
1699297053094 GET /api/books
1699297054076 GET /api/books
1699297055785 GET /api/books
1699297093294 POST /api/user/login
1699297122686 POST /api/books
1699297125536 POST /api/books
1699297129498 GET /api/books
1699297331884 GET /api/books
1699297336177 POST /api/books
1699298270339 GET /api/books
1699298295983 POST /api/user/login
1699298314038 GET /api/books
1699298525973 POST /upload-img
1699298546782 POST /demo/upload-img
1699299098671 POST /booksRouter//api/books
1699299110867 POST /booksRouter/api/books
1699299188034 POST /booksRouter/api/books
1699299232178 GET /api/books
1699299244483 POST /booksRouter/api/books
1699299297371 POST /booksRouter/api/books
1699350768502 GET /api/books
1699350793446 POST /api/user/login
1699350812518 POST /api/books
1699350947414 POST /api/books
1699350976517 POST /booksRouter/api/books
1699351032561 POST /api/books
1699351042998 POST /api/books
1699351053293 GET /api/books
1699351054163 GET /api/books
1699351231803 POST /booksRouter/api/books
1699351243522 POST /booksRouter/api/books
1699351254614 POST /booksRouter/api/books
1699351261606 POST /api/books
1699351270564 POST /api/books
1699351470386 POST /api/books
1699351620217 GET /api/books
1699351768872 POST /api/books
1699351784703 POST /api/books
1699351808476 GET /api/books
1699351928260 POST /api/books
1699351932233 POST /api/books
1699351953505 POST /booksRouter/api/books
1699351959957 GET /api/books
1699351961121 GET /api/books
1699352093435 POST /booksRouter/api/books
1699352110938 POST /api/books
1699352122531 POST /api/books
1699352138041 POST /api/books
1699352143082 POST /api/books
1699352147457 POST /api/books
1699352157700 POST /api/books
1699352171085 GET /api/books
1699352172177 GET /api/books
1699352172731 GET /api/books
1699352496322 POST /api/books
1699352564237 POST /api/books
1699380963957 GET /api/books
1699380982775 POST /api/books
1699380996250 GET /api/books
1699380997162 GET /api/books
1699380997751 GET /api/books
1699380997949 GET /api/books
1699380998488 GET /api/books
1699380998916 GET /api/books
1699381002279 GET /api/books
1699381048174 POST /api/books
1699381053317 GET /api/books
1699381202028 GET /public/books/1699380982786-demo.png
1699386406343 GET /
1699386415032 GET /api/books
1699386420825 POST /api/books
1699386434217 GET /api/books
1699386561085 PUT /api/books/1edc046c-b707-4226-81bd-2a20d40b7b79
1699386604775 GET /api/books/1edc046c-b707-4226-81bd-2a20d40b7b79/download
1699386708396 GET /api/books/1edc046c-b707-4226-81bd-2a20d40b7b79/download
1699386716285 GET /api/books/1edc046c-b707-4226-81bd-2a20d40b7b79/download
1699386725171 GET /api/books/1edc046c-b707-4226-81bd-2a20d40b7b79/download
1699386727468 GET /api/books/1edc046c-b707-4226-81bd-2a20d40b7b79/download
1699386738263 GET /api/books
1699386750154 GET /api/books
1699386786239 GET /api/books/1edc046c-b707-4226-81bd-2a20d40b7b79/download
1699386789348 GET /api/books
1699386830167 POST /api/books
1699386838796 GET /api/books
1699386870845 POST /api/books/e6949eb3-773f-498a-a97b-c4dd9062c294/download
1699386878390 GET /api/books
1699386879493 GET /api/books
1699386882815 GET /api/books/e6949eb3-773f-498a-a97b-c4dd9062c294/download
1699386886188 GET /api/books
1699386887309 GET /api/books
1699386887988 GET /api/books
1699386889205 GET /api/books
1699386890127 GET /api/books
1699386891587 GET /api/books
1699386896735 GET /api/books
1699387030018 GET /api/books/e6949eb3-773f-498a-a97b-c4dd9062c294/download
1699387033304 GET /api/books
1699387034143 GET /api/books
1699387050302 DELETE /api/books/e6949eb3-773f-498a-a97b-c4dd9062c294
1699387054269 GET /api/books
1699387074672 DELETE /api/books/1edc046c-b707-4226-81bd-2a20d40b7b79
1699387078482 GET /api/books
1699387081370 DELETE /api/books/1edc046c-b707-4226-81bd-2a20d40b7b79
1699387356286 GET /api/books
1699387359127 POST /api/books
1699387366594 GET /api/books
1699387403058 GET /api/books/4a5ab9ee-f482-45b5-89c2-2d5a8ab0bfb2/download
1699387433904 GET /api/books
1699387434758 GET /api/books
1699387520842 GET /booksRouter/api/books/4a5ab9ee-f482-45b5-89c2-2d5a8ab0bfb2/download
1699387539636 GET /api/books/4a5ab9ee-f482-45b5-89c2-2d5a8ab0bfb2/download
1699387605173 GET /api/books
1699387635579 GET /api/books/4a5ab9ee-f482-45b5-89c2-2d5a8ab0bfb2
1699387640414 GET /api/books
1699387689885 GET /api/books
1699387693027 POST /api/books
1699387705633 GET /api/books
1699387742623 GET /api/books/f2a49b4f-653d-4c72-a497-85e67231e0f5/download
1699387780451 GET /api/books
1699387787135 DELETE /api/books/f2a49b4f-653d-4c72-a497-85e67231e0f5
1699387789976 GET /api/books
1699387922811 GET /api/user/login
1699387930403 POST /api/user/login
1699387944147 GET /api/books
1699387953648 GET /api/books
1699387955947 GET /api/books
1699387980311 GET /api/books
1699387985403 POST /api/books
1699387990669 POST /api/books
1699387994113 GET /api/books
1699388024650 GET /api/books/3a8ad030-52ec-4298-aea3-7f8bb295e12d
1699388054953 PUT /api/books/3a8ad030-52ec-4298-aea3-7f8bb295e12d
1699388069412 DELETE /api/books/3a8ad030-52ec-4298-aea3-7f8bb295e12d
1699388072318 DELETE /api/books/3a8ad030-52ec-4298-aea3-7f8bb295e12d
1699388075851 GET /api/books
1699388105934 GET /api/books/3a8ad030-52ec-4298-aea3-7f8bb295e12d/download
1699388124394 GET /api/books/6aa4345f-2d55-4233-b14f-fe38f9be11a9/download
1699388135096 DELETE /api/books/6aa4345f-2d55-4233-b14f-fe38f9be11a9
1699388140322 GET /api/books
1699434881905 GET /
1699434882039 GET /favicon.ico
1699434889425 GET /api/books
1699434895786 POST /api/user/login
1699434974573 POST /api/books?filebook
1699434978136 POST /api/books?filebook
1699434981089 GET /api/books
1699435059863 GET /api/books/71f0a553-f351-4085-9b26-a934dc1963df
1699435076155 PUT /api/books/71f0a553-f351-4085-9b26-a934dc1963df
1699435189113 GET /api/books/71f0a553-f351-4085-9b26-a934dc1963df/download
1699435233714 DELETE /api/books/71f0a553-f351-4085-9b26-a934dc1963df
1699435235670 DELETE /api/books/71f0a553-f351-4085-9b26-a934dc1963df
1699435242605 GET /api/books
